<?xml version="1.0" encoding="UTF-8"?>
<!-- Generated by org.testng.reporters.JUnitXMLReporter -->
<testsuite hostname="IVCMBP-035.local" ignored="0" name="Default test" tests="8" failures="0" timestamp="10 Aug 2017 16:05:21 GMT" time="8.139" errors="0">
  <testcase name="Cancellation_Of_Order" time="0.717" classname="StoreAPI.StoreAPI.store_Api_Test"/>
  <testcase name="CreateOrder" time="1.275" classname="StoreAPI.StoreAPI.store_Api_Test"/>
  <testcase name="Get_EquipmentDetails" time="1.749" classname="StoreAPI.StoreAPI.store_Api_Test"/>
  <testcase name="Get_OrdersFrom_Store" time="0.123" classname="StoreAPI.StoreAPI.store_Api_Test"/>
  <testcase name="Intial_Setup_Api" time="1.649" classname="StoreAPI.StoreAPI.store_Api_Test"/>
  <testcase name="Update_Equipment_Status" time="1.806" classname="StoreAPI.StoreAPI.store_Api_Test"/>
  <testcase name="Update_Item_Status" time="0.439" classname="StoreAPI.StoreAPI.store_Api_Test"/>
  <testcase name="Update_Order_Status" time="0.352" classname="StoreAPI.StoreAPI.store_Api_Test"/>
</testsuite> <!-- Default test -->
